<?xml version="1.0" encoding="UTF-8"?>
<!-- Generated by org.testng.reporters.JUnitReportReporter -->
<testsuite hostname="BDC11-L-7200HHJ" name="com.mascamo.qa.testcases.HomePageTest" tests="1" failures="0" timestamp="12 Aug 2018 13:59:04 GMT" time="32.936" errors="0">
  <testcase name="VerifyNewContactLinkTest" time="32.936" classname="com.mascamo.qa.testcases.HomePageTest"/>
</testsuite> <!-- com.mascamo.qa.testcases.HomePageTest -->
