<?xml version="1.0" encoding="UTF-8"?>
<!-- Generated by org.testng.reporters.JUnitReportReporter -->
<testsuite hostname="BDC11-L-7200HHJ" name="com.mascamo.qa.testcases.LoginPageTest" tests="3" failures="0" timestamp="19 Aug 2018 18:01:28 GMT" time="18.193" errors="0">
  <testcase name="loginpageCRMimage" time="0.116" classname="com.mascamo.qa.testcases.LoginPageTest"/>
  <testcase name="loginTest" time="17.940" classname="com.mascamo.qa.testcases.LoginPageTest"/>
  <testcase name="loginpagetitletest" time="0.137" classname="com.mascamo.qa.testcases.LoginPageTest"/>
</testsuite> <!-- com.mascamo.qa.testcases.LoginPageTest -->
