<?xml version="1.0" encoding="UTF-8"?>
<!-- Generated by org.testng.reporters.JUnitReportReporter -->
<testsuite hostname="BDC11-L-7200HHJ" name="com.mascamo.qa.testcases.HomePageTest" tests="1" failures="0" timestamp="4 Sep 2018 09:46:46 GMT" time="28.083" errors="0">
  <testcase name="VerifyNewContactLinkTest" time="28.083" classname="com.mascamo.qa.testcases.HomePageTest"/>
</testsuite> <!-- com.mascamo.qa.testcases.HomePageTest -->
